<?xml version="1.0" encoding="UTF-8"?>
<testsuite name="hello.itemservice.validation.MessageCodesResolverTest" tests="1" skipped="0" failures="0" errors="0" timestamp="2025-02-09T05:32:43" hostname="majiyeon-ui-noteubug.local" time="0.025">
  <properties/>
  <testcase name="messageCodesResolverField()" classname="hello.itemservice.validation.MessageCodesResolverTest" time="0.025"/>
  <system-out><![CDATA[]]></system-out>
  <system-err><![CDATA[]]></system-err>
</testsuite>
