<?xml version="1.0" encoding="UTF-8"?>
<testsuite name="hello.login.ItemServiceApplicationTests" tests="1" skipped="0" failures="0" errors="0" timestamp="2025-03-02T06:04:05" hostname="majiyeon-ui-noteubug.local" time="0.131">
  <properties/>
  <testcase name="contextLoads()" classname="hello.login.ItemServiceApplicationTests" time="0.131"/>
  <system-out><![CDATA[15:04:04.786 [Test worker] DEBUG org.springframework.test.context.BootstrapUtils - Instantiating CacheAwareContextLoaderDelegate from class [org.springframework.test.context.cache.DefaultCacheAwareContextLoaderDelegate]
15:04:04.793 [Test worker] DEBUG org.springframework.test.context.BootstrapUtils - Instantiating BootstrapContext using constructor [public org.springframework.test.context.support.DefaultBootstrapContext(java.lang.Class,org.springframework.test.context.CacheAwareContextLoaderDelegate)]
15:04:04.804 [Test worker] DEBUG org.springframework.test.context.BootstrapUtils - Instantiating TestContextBootstrapper for test class [hello.login.ItemServiceApplicationTests] from class [org.springframework.boot.test.context.SpringBootTestContextBootstrapper]
15:04:04.809 [Test worker] INFO org.springframework.boot.test.context.SpringBootTestContextBootstrapper - Neither @ContextConfiguration nor @ContextHierarchy found for test class [hello.login.ItemServiceApplicationTests], using SpringBootContextLoader
15:04:04.812 [Test worker] DEBUG org.springframework.test.context.support.AbstractContextLoader - Did not detect default resource location for test class [hello.login.ItemServiceApplicationTests]: class path resource [hello/login/ItemServiceApplicationTests-context.xml] does not exist
15:04:04.812 [Test worker] DEBUG org.springframework.test.context.support.AbstractContextLoader - Did not detect default resource location for test class [hello.login.ItemServiceApplicationTests]: class path resource [hello/login/ItemServiceApplicationTestsContext.groovy] does not exist
15:04:04.812 [Test worker] INFO org.springframework.test.context.support.AbstractContextLoader - Could not detect default resource locations for test class [hello.login.ItemServiceApplicationTests]: no resource found for suffixes {-context.xml, Context.groovy}.
15:04:04.812 [Test worker] INFO org.springframework.test.context.support.AnnotationConfigContextLoaderUtils - Could not detect default configuration classes for test class [hello.login.ItemServiceApplicationTests]: ItemServiceApplicationTests does not declare any static, non-private, non-final, nested classes annotated with @Configuration.
15:04:04.825 [Test worker] DEBUG org.springframework.test.context.support.ActiveProfilesUtils - Could not find an 'annotation declaring class' for annotation type [org.springframework.test.context.ActiveProfiles] and class [hello.login.ItemServiceApplicationTests]
15:04:04.847 [Test worker] DEBUG org.springframework.context.annotation.ClassPathScanningCandidateComponentProvider - Identified candidate component class: file [/Users/jy/study/login/build/classes/java/main/hello/login/ItemServiceApplication.class]
15:04:04.848 [Test worker] INFO org.springframework.boot.test.context.SpringBootTestContextBootstrapper - Found @SpringBootConfiguration hello.login.ItemServiceApplication for test class hello.login.ItemServiceApplicationTests
15:04:04.880 [Test worker] DEBUG org.springframework.boot.test.context.SpringBootTestContextBootstrapper - @TestExecutionListeners is not present for class [hello.login.ItemServiceApplicationTests]: using defaults.
15:04:04.880 [Test worker] INFO org.springframework.boot.test.context.SpringBootTestContextBootstrapper - Loaded default TestExecutionListener class names from location [META-INF/spring.factories]: [org.springframework.boot.test.autoconfigure.restdocs.RestDocsTestExecutionListener, org.springframework.boot.test.autoconfigure.web.client.MockRestServiceServerResetTestExecutionListener, org.springframework.boot.test.autoconfigure.web.servlet.MockMvcPrintOnlyOnFailureTestExecutionListener, org.springframework.boot.test.autoconfigure.web.servlet.WebDriverTestExecutionListener, org.springframework.boot.test.autoconfigure.webservices.client.MockWebServiceServerTestExecutionListener, org.springframework.boot.test.mock.mockito.MockitoTestExecutionListener, org.springframework.boot.test.mock.mockito.ResetMocksTestExecutionListener, org.springframework.test.context.web.ServletTestExecutionListener, org.springframework.test.context.support.DirtiesContextBeforeModesTestExecutionListener, org.springframework.test.context.event.ApplicationEventsTestExecutionListener, org.springframework.test.context.support.DependencyInjectionTestExecutionListener, org.springframework.test.context.support.DirtiesContextTestExecutionListener, org.springframework.test.context.transaction.TransactionalTestExecutionListener, org.springframework.test.context.jdbc.SqlScriptsTestExecutionListener, org.springframework.test.context.event.EventPublishingTestExecutionListener]
15:04:04.885 [Test worker] DEBUG org.springframework.boot.test.context.SpringBootTestContextBootstrapper - Skipping candidate TestExecutionListener [org.springframework.test.context.transaction.TransactionalTestExecutionListener] due to a missing dependency. Specify custom listener classes or make the default listener classes and their required dependencies available. Offending class: [org/springframework/transaction/interceptor/TransactionAttributeSource]
15:04:04.886 [Test worker] DEBUG org.springframework.boot.test.context.SpringBootTestContextBootstrapper - Skipping candidate TestExecutionListener [org.springframework.test.context.jdbc.SqlScriptsTestExecutionListener] due to a missing dependency. Specify custom listener classes or make the default listener classes and their required dependencies available. Offending class: [org/springframework/transaction/interceptor/TransactionAttribute]
15:04:04.886 [Test worker] INFO org.springframework.boot.test.context.SpringBootTestContextBootstrapper - Using TestExecutionListeners: [org.springframework.test.context.web.ServletTestExecutionListener@28fc69ca, org.springframework.test.context.support.DirtiesContextBeforeModesTestExecutionListener@5744030d, org.springframework.test.context.event.ApplicationEventsTestExecutionListener@39c06d94, org.springframework.boot.test.mock.mockito.MockitoTestExecutionListener@63e375d7, org.springframework.boot.test.autoconfigure.SpringBootDependencyInjectionTestExecutionListener@289af258, org.springframework.test.context.support.DirtiesContextTestExecutionListener@5f31d02d, org.springframework.test.context.event.EventPublishingTestExecutionListener@6527ba92, org.springframework.boot.test.autoconfigure.restdocs.RestDocsTestExecutionListener@1d12262c, org.springframework.boot.test.autoconfigure.web.client.MockRestServiceServerResetTestExecutionListener@62650fe4, org.springframework.boot.test.autoconfigure.web.servlet.MockMvcPrintOnlyOnFailureTestExecutionListener@33041b3d, org.springframework.boot.test.autoconfigure.web.servlet.WebDriverTestExecutionListener@6b2fc4e5, org.springframework.boot.test.autoconfigure.webservices.client.MockWebServiceServerTestExecutionListener@6700bcea, org.springframework.boot.test.mock.mockito.ResetMocksTestExecutionListener@2dd095c1]
15:04:04.890 [Test worker] DEBUG org.springframework.test.context.support.AbstractDirtiesContextTestExecutionListener - Before test class: context [DefaultTestContext@2085c85d testClass = ItemServiceApplicationTests, testInstance = [null], testMethod = [null], testException = [null], mergedContextConfiguration = [WebMergedContextConfiguration@3e0074b4 testClass = ItemServiceApplicationTests, locations = '{}', classes = '{class hello.login.ItemServiceApplication}', contextInitializerClasses = '[]', activeProfiles = '{}', propertySourceLocations = '{}', propertySourceProperties = '{org.springframework.boot.test.context.SpringBootTestContextBootstrapper=true}', contextCustomizers = set[org.springframework.boot.test.autoconfigure.actuate.metrics.MetricsExportContextCustomizerFactory$DisableMetricExportContextCustomizer@6aeba100, org.springframework.boot.test.autoconfigure.properties.PropertyMappingContextCustomizer@0, org.springframework.boot.test.autoconfigure.web.servlet.WebDriverContextCustomizerFactory$Customizer@65498638, org.springframework.boot.test.context.filter.ExcludeFilterContextCustomizer@2f796cd2, org.springframework.boot.test.json.DuplicateJsonObjectContextCustomizerFactory$DuplicateJsonObjectContextCustomizer@286eaa7a, org.springframework.boot.test.mock.mockito.MockitoContextCustomizer@0, org.springframework.boot.test.web.client.TestRestTemplateContextCustomizer@7a8dee92, org.springframework.boot.test.context.SpringBootTestArgs@1, org.springframework.boot.test.context.SpringBootTestWebEnvironment@23318048], resourceBasePath = 'src/main/webapp', contextLoader = 'org.springframework.boot.test.context.SpringBootContextLoader', parent = [null]], attributes = map['org.springframework.test.context.web.ServletTestExecutionListener.activateListener' -> true]], class annotated with @DirtiesContext [false] with mode [null].
15:04:04.906 [Test worker] DEBUG org.springframework.test.context.support.TestPropertySourceUtils - Adding inlined properties to environment: {spring.jmx.enabled=false, org.springframework.boot.test.context.SpringBootTestContextBootstrapper=true}

  .   ____          _            __ _ _
 /\\ / ___'_ __ _ _(_)_ __  __ _ \ \ \ \
( ( )\___ | '_ | '_| | '_ \/ _` | \ \ \ \
 \\/  ___)| |_)| | | | | || (_| |  ) ) ) )
  '  |____| .__|_| |_|_| |_\__, | / / / /
 =========|_|==============|___/=/_/_/_/
 :: Spring Boot ::                (v2.4.4)

2025-03-02 15:04:04.999  INFO 39217 --- [    Test worker] hello.login.ItemServiceApplicationTests  : Starting ItemServiceApplicationTests using Java 15.0.10 on majiyeon-ui-noteubug.local with PID 39217 (started by jy in /Users/jy/study/login)
2025-03-02 15:04:05.000  INFO 39217 --- [    Test worker] hello.login.ItemServiceApplicationTests  : No active profile set, falling back to default profiles: default
2025-03-02 15:04:05.397  INFO 39217 --- [    Test worker] o.s.s.concurrent.ThreadPoolTaskExecutor  : Initializing ExecutorService 'applicationTaskExecutor'
2025-03-02 15:04:05.496  INFO 39217 --- [    Test worker] hello.login.ItemServiceApplicationTests  : Started ItemServiceApplicationTests in 0.586 seconds (JVM running for 0.993)
]]></system-out>
  <system-err><![CDATA[]]></system-err>
</testsuite>
