<?xml version="1.0" encoding="UTF-8"?>
<testsuite name="hello.typeconverter.formatter.FormattingConversionSeviceTest" tests="1" skipped="0" failures="0" errors="0" timestamp="2025-06-29T03:52:33.282Z" hostname="majiyeon-ui-noteubug.local" time="0.067">
  <properties/>
  <testcase name="formattingConversionSevice()" classname="hello.typeconverter.formatter.FormattingConversionSeviceTest" time="0.067"/>
  <system-out><![CDATA[12:52:33.325 [Test worker] INFO hello.typeconverter.converter.StringToIpPortConverter -- convert source = 127.0.0.1:8080
12:52:33.344 [Test worker] INFO hello.typeconverter.formatter.MyNumberFormatter -- object = 1000, locale = ko_KR
12:52:33.345 [Test worker] INFO hello.typeconverter.formatter.MyNumberFormatter -- text = 1,000, locale = ko_KR
]]></system-out>
  <system-err><![CDATA[]]></system-err>
</testsuite>
